30 Mar 2023 - 13:00:19.018 [main] INFO  e.c.CollegeManagementSystemApplication - Starting CollegeManagementSystemApplication using Java 17.0.6 on DESKTOP-11FLD72 with PID 9068 (F:\College-management-system\target\classes started by adity in F:\College-management-system)
30 Mar 2023 - 13:00:19.103 [main] INFO  e.c.CollegeManagementSystemApplication - No active profile set, falling back to 1 default profile: "default"
30 Mar 2023 - 13:00:25.574 [main] INFO  o.s.d.r.c.RepositoryConfigurationDelegate - Bootstrapping Spring Data JPA repositories in DEFAULT mode.
30 Mar 2023 - 13:00:25.822 [main] INFO  o.s.d.r.c.RepositoryConfigurationDelegate - Finished Spring Data repository scanning in 183 ms. Found 3 JPA repository interfaces.
30 Mar 2023 - 13:00:28.685 [main] INFO  o.s.b.w.e.tomcat.TomcatWebServer - Tomcat initialized with port(s): 8080 (http)
30 Mar 2023 - 13:00:28.745 [main] INFO  o.a.catalina.core.StandardService - Starting service [Tomcat]
30 Mar 2023 - 13:00:28.747 [main] INFO  o.a.catalina.core.StandardEngine - Starting Servlet engine: [Apache Tomcat/9.0.73]
30 Mar 2023 - 13:00:29.047 [main] INFO  o.a.c.c.C.[Tomcat].[localhost].[/] - Initializing Spring embedded WebApplicationContext
30 Mar 2023 - 13:00:29.047 [main] INFO  o.s.b.w.s.c.ServletWebServerApplicationContext - Root WebApplicationContext: initialization completed in 9475 ms
30 Mar 2023 - 13:00:29.751 [main] INFO  o.h.jpa.internal.util.LogHelper - HHH000204: Processing PersistenceUnitInfo [name: default]
30 Mar 2023 - 13:00:30.184 [main] INFO  org.hibernate.Version - HHH000412: Hibernate ORM core version 5.6.15.Final
30 Mar 2023 - 13:00:31.161 [main] INFO  o.h.annotations.common.Version - HCANN000001: Hibernate Commons Annotations {5.1.2.Final}
30 Mar 2023 - 13:00:31.586 [main] INFO  com.zaxxer.hikari.HikariDataSource - HikariPool-1 - Starting...
30 Mar 2023 - 13:00:35.626 [main] INFO  com.zaxxer.hikari.HikariDataSource - HikariPool-1 - Start completed.
30 Mar 2023 - 13:00:35.933 [main] INFO  org.hibernate.dialect.Dialect - HHH000400: Using dialect: org.hibernate.dialect.MySQL8Dialect
30 Mar 2023 - 13:00:45.970 [main] INFO  o.h.e.t.j.p.i.JtaPlatformInitiator - HHH000490: Using JtaPlatform implementation: [org.hibernate.engine.transaction.jta.platform.internal.NoJtaPlatform]
30 Mar 2023 - 13:00:46.062 [main] INFO  o.s.o.j.LocalContainerEntityManagerFactoryBean - Initialized JPA EntityManagerFactory for persistence unit 'default'
30 Mar 2023 - 13:00:47.485 [main] WARN  o.s.b.a.o.j.JpaBaseConfiguration$JpaWebConfiguration - spring.jpa.open-in-view is enabled by default. Therefore, database queries may be performed during view rendering. Explicitly configure spring.jpa.open-in-view to disable this warning
30 Mar 2023 - 13:00:48.638 [main] INFO  o.s.b.w.e.tomcat.TomcatWebServer - Tomcat started on port(s): 8080 (http) with context path ''
30 Mar 2023 - 13:00:48.723 [main] INFO  e.c.CollegeManagementSystemApplication - Started CollegeManagementSystemApplication in 33.247 seconds (JVM running for 36.362)
30 Mar 2023 - 13:01:03.331 [http-nio-8080-exec-2] INFO  o.a.c.c.C.[Tomcat].[localhost].[/] - Initializing Spring DispatcherServlet 'dispatcherServlet'
30 Mar 2023 - 13:01:03.331 [http-nio-8080-exec-2] INFO  o.s.web.servlet.DispatcherServlet - Initializing Servlet 'dispatcherServlet'
30 Mar 2023 - 13:01:03.334 [http-nio-8080-exec-2] INFO  o.s.web.servlet.DispatcherServlet - Completed initialization in 3 ms
30 Mar 2023 - 13:03:12.255 [http-nio-8080-exec-5] INFO  edu.cms.entity.Course - Course Course(subId=106, subName=Angular, price=14000.9, teacher=null) added at Thu Mar 30 13:03:12 IST 2023
30 Mar 2023 - 13:08:48.848 [http-nio-8080-exec-5] ERROR o.a.c.c.C.[.[.[.[dispatcherServlet] - Servlet.service() for servlet [dispatcherServlet] in context with path [] threw exception [ Missing or Invalid Authorization Header!!] with root cause
javax.servlet.ServletException:  Missing or Invalid Authorization Header!!
	at edu.cms.configure.JwtFilter.doFilter(JwtFilter.java:34)
	at org.apache.catalina.core.ApplicationFilterChain.internalDoFilter(ApplicationFilterChain.java:178)
	at org.apache.catalina.core.ApplicationFilterChain.doFilter(ApplicationFilterChain.java:153)
	at org.springframework.web.filter.RequestContextFilter.doFilterInternal(RequestContextFilter.java:100)
	at org.springframework.web.filter.OncePerRequestFilter.doFilter(OncePerRequestFilter.java:117)
	at org.apache.catalina.core.ApplicationFilterChain.internalDoFilter(ApplicationFilterChain.java:178)
	at org.apache.catalina.core.ApplicationFilterChain.doFilter(ApplicationFilterChain.java:153)
	at org.springframework.web.filter.FormContentFilter.doFilterInternal(FormContentFilter.java:93)
	at org.springframework.web.filter.OncePerRequestFilter.doFilter(OncePerRequestFilter.java:117)
	at org.apache.catalina.core.ApplicationFilterChain.internalDoFilter(ApplicationFilterChain.java:178)
	at org.apache.catalina.core.ApplicationFilterChain.doFilter(ApplicationFilterChain.java:153)
	at org.springframework.web.filter.CharacterEncodingFilter.doFilterInternal(CharacterEncodingFilter.java:201)
	at org.springframework.web.filter.OncePerRequestFilter.doFilter(OncePerRequestFilter.java:117)
	at org.apache.catalina.core.ApplicationFilterChain.internalDoFilter(ApplicationFilterChain.java:178)
	at org.apache.catalina.core.ApplicationFilterChain.doFilter(ApplicationFilterChain.java:153)
	at org.apache.catalina.core.StandardWrapperValve.invoke(StandardWrapperValve.java:167)
	at org.apache.catalina.core.StandardContextValve.invoke(StandardContextValve.java:90)
	at org.apache.catalina.authenticator.AuthenticatorBase.invoke(AuthenticatorBase.java:492)
	at org.apache.catalina.core.StandardHostValve.invoke(StandardHostValve.java:130)
	at org.apache.catalina.valves.ErrorReportValve.invoke(ErrorReportValve.java:93)
	at org.apache.catalina.core.StandardEngineValve.invoke(StandardEngineValve.java:74)
	at org.apache.catalina.connector.CoyoteAdapter.service(CoyoteAdapter.java:343)
	at org.apache.coyote.http11.Http11Processor.service(Http11Processor.java:389)
	at org.apache.coyote.AbstractProcessorLight.process(AbstractProcessorLight.java:63)
	at org.apache.coyote.AbstractProtocol$ConnectionHandler.process(AbstractProtocol.java:926)
	at org.apache.tomcat.util.net.NioEndpoint$SocketProcessor.doRun(NioEndpoint.java:1791)
	at org.apache.tomcat.util.net.SocketProcessorBase.run(SocketProcessorBase.java:49)
	at org.apache.tomcat.util.threads.ThreadPoolExecutor.runWorker(ThreadPoolExecutor.java:1191)
	at org.apache.tomcat.util.threads.ThreadPoolExecutor$Worker.run(ThreadPoolExecutor.java:659)
	at org.apache.tomcat.util.threads.TaskThread$WrappingRunnable.run(TaskThread.java:61)
	at java.base/java.lang.Thread.run(Thread.java:833)
30 Mar 2023 - 13:10:03.712 [http-nio-8080-exec-7] ERROR o.a.c.c.C.[.[.[.[dispatcherServlet] - Servlet.service() for servlet [dispatcherServlet] in context with path [] threw exception [ Missing or Invalid Authorization Header!!] with root cause
javax.servlet.ServletException:  Missing or Invalid Authorization Header!!
	at edu.cms.configure.JwtFilter.doFilter(JwtFilter.java:34)
	at org.apache.catalina.core.ApplicationFilterChain.internalDoFilter(ApplicationFilterChain.java:178)
	at org.apache.catalina.core.ApplicationFilterChain.doFilter(ApplicationFilterChain.java:153)
	at org.springframework.web.filter.RequestContextFilter.doFilterInternal(RequestContextFilter.java:100)
	at org.springframework.web.filter.OncePerRequestFilter.doFilter(OncePerRequestFilter.java:117)
	at org.apache.catalina.core.ApplicationFilterChain.internalDoFilter(ApplicationFilterChain.java:178)
	at org.apache.catalina.core.ApplicationFilterChain.doFilter(ApplicationFilterChain.java:153)
	at org.springframework.web.filter.FormContentFilter.doFilterInternal(FormContentFilter.java:93)
	at org.springframework.web.filter.OncePerRequestFilter.doFilter(OncePerRequestFilter.java:117)
	at org.apache.catalina.core.ApplicationFilterChain.internalDoFilter(ApplicationFilterChain.java:178)
	at org.apache.catalina.core.ApplicationFilterChain.doFilter(ApplicationFilterChain.java:153)
	at org.springframework.web.filter.CharacterEncodingFilter.doFilterInternal(CharacterEncodingFilter.java:201)
	at org.springframework.web.filter.OncePerRequestFilter.doFilter(OncePerRequestFilter.java:117)
	at org.apache.catalina.core.ApplicationFilterChain.internalDoFilter(ApplicationFilterChain.java:178)
	at org.apache.catalina.core.ApplicationFilterChain.doFilter(ApplicationFilterChain.java:153)
	at org.apache.catalina.core.StandardWrapperValve.invoke(StandardWrapperValve.java:167)
	at org.apache.catalina.core.StandardContextValve.invoke(StandardContextValve.java:90)
	at org.apache.catalina.authenticator.AuthenticatorBase.invoke(AuthenticatorBase.java:492)
	at org.apache.catalina.core.StandardHostValve.invoke(StandardHostValve.java:130)
	at org.apache.catalina.valves.ErrorReportValve.invoke(ErrorReportValve.java:93)
	at org.apache.catalina.core.StandardEngineValve.invoke(StandardEngineValve.java:74)
	at org.apache.catalina.connector.CoyoteAdapter.service(CoyoteAdapter.java:343)
	at org.apache.coyote.http11.Http11Processor.service(Http11Processor.java:389)
	at org.apache.coyote.AbstractProcessorLight.process(AbstractProcessorLight.java:63)
	at org.apache.coyote.AbstractProtocol$ConnectionHandler.process(AbstractProtocol.java:926)
	at org.apache.tomcat.util.net.NioEndpoint$SocketProcessor.doRun(NioEndpoint.java:1791)
	at org.apache.tomcat.util.net.SocketProcessorBase.run(SocketProcessorBase.java:49)
	at org.apache.tomcat.util.threads.ThreadPoolExecutor.runWorker(ThreadPoolExecutor.java:1191)
	at org.apache.tomcat.util.threads.ThreadPoolExecutor$Worker.run(ThreadPoolExecutor.java:659)
	at org.apache.tomcat.util.threads.TaskThread$WrappingRunnable.run(TaskThread.java:61)
	at java.base/java.lang.Thread.run(Thread.java:833)
30 Mar 2023 - 13:14:03.847 [http-nio-8080-exec-10] WARN  o.s.web.servlet.PageNotFound - Request method 'GET' not supported
30 Mar 2023 - 13:14:32.269 [http-nio-8080-exec-1] INFO  edu.cms.entity.Course - Course Course(subId=107, subName=Ds, price=8000.6, teacher=null) added at Thu Mar 30 13:14:32 IST 2023
30 Mar 2023 - 13:17:47.012 [http-nio-8080-exec-5] ERROR o.a.c.c.C.[.[.[.[dispatcherServlet] - Servlet.service() for servlet [dispatcherServlet] in context with path [] threw exception [ Missing or Invalid Authorization Header!!] with root cause
javax.servlet.ServletException:  Missing or Invalid Authorization Header!!
	at edu.cms.configure.JwtFilter.doFilter(JwtFilter.java:34)
	at org.apache.catalina.core.ApplicationFilterChain.internalDoFilter(ApplicationFilterChain.java:178)
	at org.apache.catalina.core.ApplicationFilterChain.doFilter(ApplicationFilterChain.java:153)
	at org.springframework.web.filter.RequestContextFilter.doFilterInternal(RequestContextFilter.java:100)
	at org.springframework.web.filter.OncePerRequestFilter.doFilter(OncePerRequestFilter.java:117)
	at org.apache.catalina.core.ApplicationFilterChain.internalDoFilter(ApplicationFilterChain.java:178)
	at org.apache.catalina.core.ApplicationFilterChain.doFilter(ApplicationFilterChain.java:153)
	at org.springframework.web.filter.FormContentFilter.doFilterInternal(FormContentFilter.java:93)
	at org.springframework.web.filter.OncePerRequestFilter.doFilter(OncePerRequestFilter.java:117)
	at org.apache.catalina.core.ApplicationFilterChain.internalDoFilter(ApplicationFilterChain.java:178)
	at org.apache.catalina.core.ApplicationFilterChain.doFilter(ApplicationFilterChain.java:153)
	at org.springframework.web.filter.CharacterEncodingFilter.doFilterInternal(CharacterEncodingFilter.java:201)
	at org.springframework.web.filter.OncePerRequestFilter.doFilter(OncePerRequestFilter.java:117)
	at org.apache.catalina.core.ApplicationFilterChain.internalDoFilter(ApplicationFilterChain.java:178)
	at org.apache.catalina.core.ApplicationFilterChain.doFilter(ApplicationFilterChain.java:153)
	at org.apache.catalina.core.StandardWrapperValve.invoke(StandardWrapperValve.java:167)
	at org.apache.catalina.core.StandardContextValve.invoke(StandardContextValve.java:90)
	at org.apache.catalina.authenticator.AuthenticatorBase.invoke(AuthenticatorBase.java:492)
	at org.apache.catalina.core.StandardHostValve.invoke(StandardHostValve.java:130)
	at org.apache.catalina.valves.ErrorReportValve.invoke(ErrorReportValve.java:93)
	at org.apache.catalina.core.StandardEngineValve.invoke(StandardEngineValve.java:74)
	at org.apache.catalina.connector.CoyoteAdapter.service(CoyoteAdapter.java:343)
	at org.apache.coyote.http11.Http11Processor.service(Http11Processor.java:389)
	at org.apache.coyote.AbstractProcessorLight.process(AbstractProcessorLight.java:63)
	at org.apache.coyote.AbstractProtocol$ConnectionHandler.process(AbstractProtocol.java:926)
	at org.apache.tomcat.util.net.NioEndpoint$SocketProcessor.doRun(NioEndpoint.java:1791)
	at org.apache.tomcat.util.net.SocketProcessorBase.run(SocketProcessorBase.java:49)
	at org.apache.tomcat.util.threads.ThreadPoolExecutor.runWorker(ThreadPoolExecutor.java:1191)
	at org.apache.tomcat.util.threads.ThreadPoolExecutor$Worker.run(ThreadPoolExecutor.java:659)
	at org.apache.tomcat.util.threads.TaskThread$WrappingRunnable.run(TaskThread.java:61)
	at java.base/java.lang.Thread.run(Thread.java:833)
30 Mar 2023 - 13:18:22.369 [RMI TCP Connection(22)-127.0.0.1] INFO  o.s.b.a.SpringApplicationAdminMXBeanRegistrar$SpringApplicationAdmin - Application shutdown requested.
30 Mar 2023 - 13:18:22.401 [RMI TCP Connection(22)-127.0.0.1] INFO  o.a.catalina.core.StandardService - Stopping service [Tomcat]
30 Mar 2023 - 13:18:22.443 [RMI TCP Connection(22)-127.0.0.1] INFO  o.a.c.c.C.[Tomcat].[localhost].[/] - Destroying Spring FrameworkServlet 'dispatcherServlet'
30 Mar 2023 - 13:18:22.494 [RMI TCP Connection(22)-127.0.0.1] INFO  o.s.o.j.LocalContainerEntityManagerFactoryBean - Closing JPA EntityManagerFactory for persistence unit 'default'
30 Mar 2023 - 13:18:22.499 [RMI TCP Connection(22)-127.0.0.1] INFO  com.zaxxer.hikari.HikariDataSource - HikariPool-1 - Shutdown initiated...
30 Mar 2023 - 13:18:22.931 [RMI TCP Connection(22)-127.0.0.1] INFO  com.zaxxer.hikari.HikariDataSource - HikariPool-1 - Shutdown completed.
30 Mar 2023 - 13:19:09.470 [main] INFO  e.c.CollegeManagementSystemApplication - Starting CollegeManagementSystemApplication using Java 17.0.6 on DESKTOP-11FLD72 with PID 3404 (F:\College-management-system\target\classes started by adity in F:\College-management-system)
30 Mar 2023 - 13:19:09.475 [main] INFO  e.c.CollegeManagementSystemApplication - No active profile set, falling back to 1 default profile: "default"
30 Mar 2023 - 13:19:10.645 [main] INFO  o.s.d.r.c.RepositoryConfigurationDelegate - Bootstrapping Spring Data JPA repositories in DEFAULT mode.
30 Mar 2023 - 13:19:10.748 [main] INFO  o.s.d.r.c.RepositoryConfigurationDelegate - Finished Spring Data repository scanning in 82 ms. Found 3 JPA repository interfaces.
30 Mar 2023 - 13:19:11.642 [main] INFO  o.s.b.w.e.tomcat.TomcatWebServer - Tomcat initialized with port(s): 8080 (http)
30 Mar 2023 - 13:19:11.685 [main] INFO  o.a.catalina.core.StandardService - Starting service [Tomcat]
30 Mar 2023 - 13:19:11.686 [main] INFO  o.a.catalina.core.StandardEngine - Starting Servlet engine: [Apache Tomcat/9.0.73]
30 Mar 2023 - 13:19:11.938 [main] INFO  o.a.c.c.C.[Tomcat].[localhost].[/] - Initializing Spring embedded WebApplicationContext
30 Mar 2023 - 13:19:11.939 [main] INFO  o.s.b.w.s.c.ServletWebServerApplicationContext - Root WebApplicationContext: initialization completed in 2370 ms
30 Mar 2023 - 13:19:12.323 [main] INFO  o.h.jpa.internal.util.LogHelper - HHH000204: Processing PersistenceUnitInfo [name: default]
30 Mar 2023 - 13:19:12.598 [main] INFO  org.hibernate.Version - HHH000412: Hibernate ORM core version 5.6.15.Final
30 Mar 2023 - 13:19:13.191 [main] INFO  o.h.annotations.common.Version - HCANN000001: Hibernate Commons Annotations {5.1.2.Final}
30 Mar 2023 - 13:19:13.440 [main] INFO  com.zaxxer.hikari.HikariDataSource - HikariPool-1 - Starting...
30 Mar 2023 - 13:19:14.001 [main] INFO  com.zaxxer.hikari.HikariDataSource - HikariPool-1 - Start completed.
30 Mar 2023 - 13:19:14.094 [main] INFO  org.hibernate.dialect.Dialect - HHH000400: Using dialect: org.hibernate.dialect.MySQL8Dialect
30 Mar 2023 - 13:19:16.681 [main] INFO  o.h.e.t.j.p.i.JtaPlatformInitiator - HHH000490: Using JtaPlatform implementation: [org.hibernate.engine.transaction.jta.platform.internal.NoJtaPlatform]
30 Mar 2023 - 13:19:16.713 [main] INFO  o.s.o.j.LocalContainerEntityManagerFactoryBean - Initialized JPA EntityManagerFactory for persistence unit 'default'
30 Mar 2023 - 13:19:17.284 [main] WARN  o.s.b.w.s.c.AnnotationConfigServletWebServerApplicationContext - Exception encountered during context initialization - cancelling refresh attempt: org.springframework.beans.factory.BeanCreationException: Error creating bean with name 'main' defined in edu.cms.CollegeManagementSystemApplication: Invalid factory method 'main' on class [edu.cms.CollegeManagementSystemApplication]: needs to have a non-void return type!
30 Mar 2023 - 13:19:17.286 [main] INFO  o.s.o.j.LocalContainerEntityManagerFactoryBean - Closing JPA EntityManagerFactory for persistence unit 'default'
30 Mar 2023 - 13:19:17.290 [main] INFO  com.zaxxer.hikari.HikariDataSource - HikariPool-1 - Shutdown initiated...
30 Mar 2023 - 13:19:17.353 [main] INFO  com.zaxxer.hikari.HikariDataSource - HikariPool-1 - Shutdown completed.
30 Mar 2023 - 13:19:17.356 [main] INFO  o.a.catalina.core.StandardService - Stopping service [Tomcat]
30 Mar 2023 - 13:19:17.375 [main] INFO  o.s.b.a.l.ConditionEvaluationReportLoggingListener - 

Error starting ApplicationContext. To display the conditions report re-run your application with 'debug' enabled.
30 Mar 2023 - 13:19:17.465 [main] ERROR o.s.boot.SpringApplication - Application run failed
org.springframework.beans.factory.BeanCreationException: Error creating bean with name 'main' defined in edu.cms.CollegeManagementSystemApplication: Invalid factory method 'main' on class [edu.cms.CollegeManagementSystemApplication]: needs to have a non-void return type!
	at org.springframework.beans.factory.support.ConstructorResolver.instantiateUsingFactoryMethod(ConstructorResolver.java:623)
	at org.springframework.beans.factory.support.AbstractAutowireCapableBeanFactory.instantiateUsingFactoryMethod(AbstractAutowireCapableBeanFactory.java:1352)
	at org.springframework.beans.factory.support.AbstractAutowireCapableBeanFactory.createBeanInstance(AbstractAutowireCapableBeanFactory.java:1195)
	at org.springframework.beans.factory.support.AbstractAutowireCapableBeanFactory.doCreateBean(AbstractAutowireCapableBeanFactory.java:582)
	at org.springframework.beans.factory.support.AbstractAutowireCapableBeanFactory.createBean(AbstractAutowireCapableBeanFactory.java:542)
	at org.springframework.beans.factory.support.AbstractBeanFactory.lambda$doGetBean$0(AbstractBeanFactory.java:335)
	at org.springframework.beans.factory.support.DefaultSingletonBeanRegistry.getSingleton(DefaultSingletonBeanRegistry.java:234)
	at org.springframework.beans.factory.support.AbstractBeanFactory.doGetBean(AbstractBeanFactory.java:333)
	at org.springframework.beans.factory.support.AbstractBeanFactory.getBean(AbstractBeanFactory.java:208)
	at org.springframework.beans.factory.support.DefaultListableBeanFactory.preInstantiateSingletons(DefaultListableBeanFactory.java:955)
	at org.springframework.context.support.AbstractApplicationContext.finishBeanFactoryInitialization(AbstractApplicationContext.java:920)
	at org.springframework.context.support.AbstractApplicationContext.refresh(AbstractApplicationContext.java:583)
	at org.springframework.boot.web.servlet.context.ServletWebServerApplicationContext.refresh(ServletWebServerApplicationContext.java:147)
	at org.springframework.boot.SpringApplication.refresh(SpringApplication.java:731)
	at org.springframework.boot.SpringApplication.refreshContext(SpringApplication.java:408)
	at org.springframework.boot.SpringApplication.run(SpringApplication.java:307)
	at org.springframework.boot.SpringApplication.run(SpringApplication.java:1303)
	at org.springframework.boot.SpringApplication.run(SpringApplication.java:1292)
	at edu.cms.CollegeManagementSystemApplication.main(CollegeManagementSystemApplication.java:22)
30 Mar 2023 - 13:19:56.888 [main] INFO  e.c.CollegeManagementSystemApplication - Starting CollegeManagementSystemApplication using Java 17.0.6 on DESKTOP-11FLD72 with PID 9444 (F:\College-management-system\target\classes started by adity in F:\College-management-system)
30 Mar 2023 - 13:19:56.893 [main] INFO  e.c.CollegeManagementSystemApplication - No active profile set, falling back to 1 default profile: "default"
30 Mar 2023 - 13:19:58.015 [main] INFO  o.s.d.r.c.RepositoryConfigurationDelegate - Bootstrapping Spring Data JPA repositories in DEFAULT mode.
30 Mar 2023 - 13:19:58.121 [main] INFO  o.s.d.r.c.RepositoryConfigurationDelegate - Finished Spring Data repository scanning in 86 ms. Found 3 JPA repository interfaces.
30 Mar 2023 - 13:19:58.858 [main] INFO  o.s.b.w.e.tomcat.TomcatWebServer - Tomcat initialized with port(s): 8080 (http)
30 Mar 2023 - 13:19:58.880 [main] INFO  o.a.catalina.core.StandardService - Starting service [Tomcat]
30 Mar 2023 - 13:19:58.881 [main] INFO  o.a.catalina.core.StandardEngine - Starting Servlet engine: [Apache Tomcat/9.0.73]
30 Mar 2023 - 13:19:59.077 [main] INFO  o.a.c.c.C.[Tomcat].[localhost].[/] - Initializing Spring embedded WebApplicationContext
30 Mar 2023 - 13:19:59.078 [main] INFO  o.s.b.w.s.c.ServletWebServerApplicationContext - Root WebApplicationContext: initialization completed in 2087 ms
30 Mar 2023 - 13:19:59.298 [main] INFO  o.h.jpa.internal.util.LogHelper - HHH000204: Processing PersistenceUnitInfo [name: default]
30 Mar 2023 - 13:19:59.381 [main] INFO  org.hibernate.Version - HHH000412: Hibernate ORM core version 5.6.15.Final
30 Mar 2023 - 13:19:59.620 [main] INFO  o.h.annotations.common.Version - HCANN000001: Hibernate Commons Annotations {5.1.2.Final}
30 Mar 2023 - 13:19:59.780 [main] INFO  com.zaxxer.hikari.HikariDataSource - HikariPool-1 - Starting...
30 Mar 2023 - 13:20:00.340 [main] INFO  com.zaxxer.hikari.HikariDataSource - HikariPool-1 - Start completed.
30 Mar 2023 - 13:20:00.372 [main] INFO  org.hibernate.dialect.Dialect - HHH000400: Using dialect: org.hibernate.dialect.MySQL8Dialect
30 Mar 2023 - 13:20:01.847 [main] INFO  o.h.e.t.j.p.i.JtaPlatformInitiator - HHH000490: Using JtaPlatform implementation: [org.hibernate.engine.transaction.jta.platform.internal.NoJtaPlatform]
30 Mar 2023 - 13:20:01.865 [main] INFO  o.s.o.j.LocalContainerEntityManagerFactoryBean - Initialized JPA EntityManagerFactory for persistence unit 'default'
30 Mar 2023 - 13:20:02.449 [main] WARN  o.s.b.a.o.j.JpaBaseConfiguration$JpaWebConfiguration - spring.jpa.open-in-view is enabled by default. Therefore, database queries may be performed during view rendering. Explicitly configure spring.jpa.open-in-view to disable this warning
30 Mar 2023 - 13:20:02.985 [main] INFO  o.s.b.w.e.tomcat.TomcatWebServer - Tomcat started on port(s): 8080 (http) with context path ''
30 Mar 2023 - 13:20:03.003 [main] INFO  e.c.CollegeManagementSystemApplication - Started CollegeManagementSystemApplication in 6.722 seconds (JVM running for 7.775)
30 Mar 2023 - 13:21:02.816 [http-nio-8080-exec-2] INFO  o.a.c.c.C.[Tomcat].[localhost].[/] - Initializing Spring DispatcherServlet 'dispatcherServlet'
30 Mar 2023 - 13:21:02.817 [http-nio-8080-exec-2] INFO  o.s.web.servlet.DispatcherServlet - Initializing Servlet 'dispatcherServlet'
30 Mar 2023 - 13:21:02.821 [http-nio-8080-exec-2] INFO  o.s.web.servlet.DispatcherServlet - Completed initialization in 4 ms
30 Mar 2023 - 13:21:03.560 [http-nio-8080-exec-2] INFO  edu.cms.entity.Course - Course details deleted with id 105  at Thu Mar 30 13:21:03 IST 2023
30 Mar 2023 - 13:21:45.558 [RMI TCP Connection(4)-127.0.0.1] INFO  o.s.b.a.SpringApplicationAdminMXBeanRegistrar$SpringApplicationAdmin - Application shutdown requested.
30 Mar 2023 - 13:21:45.587 [RMI TCP Connection(4)-127.0.0.1] INFO  o.a.catalina.core.StandardService - Stopping service [Tomcat]
30 Mar 2023 - 13:21:45.616 [RMI TCP Connection(4)-127.0.0.1] INFO  o.a.c.c.C.[Tomcat].[localhost].[/] - Destroying Spring FrameworkServlet 'dispatcherServlet'
30 Mar 2023 - 13:21:45.646 [RMI TCP Connection(4)-127.0.0.1] INFO  o.s.o.j.LocalContainerEntityManagerFactoryBean - Closing JPA EntityManagerFactory for persistence unit 'default'
30 Mar 2023 - 13:21:45.650 [RMI TCP Connection(4)-127.0.0.1] INFO  com.zaxxer.hikari.HikariDataSource - HikariPool-1 - Shutdown initiated...
30 Mar 2023 - 13:21:45.703 [RMI TCP Connection(4)-127.0.0.1] INFO  com.zaxxer.hikari.HikariDataSource - HikariPool-1 - Shutdown completed.
30 Mar 2023 - 13:21:58.879 [main] INFO  e.c.CollegeManagementSystemApplication - Starting CollegeManagementSystemApplication using Java 17.0.6 on DESKTOP-11FLD72 with PID 3720 (F:\College-management-system\target\classes started by adity in F:\College-management-system)
30 Mar 2023 - 13:21:58.888 [main] INFO  e.c.CollegeManagementSystemApplication - No active profile set, falling back to 1 default profile: "default"
30 Mar 2023 - 13:21:59.917 [main] INFO  o.s.d.r.c.RepositoryConfigurationDelegate - Bootstrapping Spring Data JPA repositories in DEFAULT mode.
30 Mar 2023 - 13:22:00.020 [main] INFO  o.s.d.r.c.RepositoryConfigurationDelegate - Finished Spring Data repository scanning in 85 ms. Found 3 JPA repository interfaces.
30 Mar 2023 - 13:22:00.756 [main] INFO  o.s.b.w.e.tomcat.TomcatWebServer - Tomcat initialized with port(s): 8080 (http)
30 Mar 2023 - 13:22:00.774 [main] INFO  o.a.catalina.core.StandardService - Starting service [Tomcat]
30 Mar 2023 - 13:22:00.774 [main] INFO  o.a.catalina.core.StandardEngine - Starting Servlet engine: [Apache Tomcat/9.0.73]
30 Mar 2023 - 13:22:00.957 [main] INFO  o.a.c.c.C.[Tomcat].[localhost].[/] - Initializing Spring embedded WebApplicationContext
30 Mar 2023 - 13:22:00.958 [main] INFO  o.s.b.w.s.c.ServletWebServerApplicationContext - Root WebApplicationContext: initialization completed in 1974 ms
30 Mar 2023 - 13:22:01.188 [main] INFO  o.h.jpa.internal.util.LogHelper - HHH000204: Processing PersistenceUnitInfo [name: default]
30 Mar 2023 - 13:22:01.269 [main] INFO  org.hibernate.Version - HHH000412: Hibernate ORM core version 5.6.15.Final
30 Mar 2023 - 13:22:01.498 [main] INFO  o.h.annotations.common.Version - HCANN000001: Hibernate Commons Annotations {5.1.2.Final}
30 Mar 2023 - 13:22:01.660 [main] INFO  com.zaxxer.hikari.HikariDataSource - HikariPool-1 - Starting...
30 Mar 2023 - 13:22:02.148 [main] INFO  com.zaxxer.hikari.HikariDataSource - HikariPool-1 - Start completed.
30 Mar 2023 - 13:22:02.367 [main] INFO  org.hibernate.dialect.Dialect - HHH000400: Using dialect: org.hibernate.dialect.MySQL8Dialect
30 Mar 2023 - 13:22:04.587 [main] INFO  o.h.e.t.j.p.i.JtaPlatformInitiator - HHH000490: Using JtaPlatform implementation: [org.hibernate.engine.transaction.jta.platform.internal.NoJtaPlatform]
30 Mar 2023 - 13:22:04.651 [main] INFO  o.s.o.j.LocalContainerEntityManagerFactoryBean - Initialized JPA EntityManagerFactory for persistence unit 'default'
30 Mar 2023 - 13:22:05.250 [main] WARN  o.s.b.a.o.j.JpaBaseConfiguration$JpaWebConfiguration - spring.jpa.open-in-view is enabled by default. Therefore, database queries may be performed during view rendering. Explicitly configure spring.jpa.open-in-view to disable this warning
30 Mar 2023 - 13:22:05.744 [main] INFO  o.s.b.w.e.tomcat.TomcatWebServer - Tomcat started on port(s): 8080 (http) with context path ''
30 Mar 2023 - 13:22:05.764 [main] INFO  e.c.CollegeManagementSystemApplication - Started CollegeManagementSystemApplication in 7.524 seconds (JVM running for 8.558)
30 Mar 2023 - 13:22:33.288 [http-nio-8080-exec-1] INFO  o.a.c.c.C.[Tomcat].[localhost].[/] - Initializing Spring DispatcherServlet 'dispatcherServlet'
30 Mar 2023 - 13:22:33.289 [http-nio-8080-exec-1] INFO  o.s.web.servlet.DispatcherServlet - Initializing Servlet 'dispatcherServlet'
30 Mar 2023 - 13:22:33.290 [http-nio-8080-exec-1] INFO  o.s.web.servlet.DispatcherServlet - Completed initialization in 1 ms
30 Mar 2023 - 13:22:33.694 [http-nio-8080-exec-1] INFO  edu.cms.entity.Course - Course details deleted with id 104  at Thu Mar 30 13:22:33 IST 2023
30 Mar 2023 - 13:24:30.386 [http-nio-8080-exec-5] INFO  edu.cms.entity.Course - Course Course(subId=104, subName=DBMS, price=8000.6, teacher=null) added at Thu Mar 30 13:24:30 IST 2023
30 Mar 2023 - 13:26:13.875 [http-nio-8080-exec-8] INFO  edu.cms.entity.Course - Teacher id assigned to course at Thu Mar 30 13:26:13 IST 2023
30 Mar 2023 - 13:30:10.257 [RMI TCP Connection(11)-127.0.0.1] INFO  o.s.b.a.SpringApplicationAdminMXBeanRegistrar$SpringApplicationAdmin - Application shutdown requested.
30 Mar 2023 - 13:30:10.287 [RMI TCP Connection(11)-127.0.0.1] INFO  o.a.catalina.core.StandardService - Stopping service [Tomcat]
30 Mar 2023 - 13:30:10.315 [RMI TCP Connection(11)-127.0.0.1] INFO  o.a.c.c.C.[Tomcat].[localhost].[/] - Destroying Spring FrameworkServlet 'dispatcherServlet'
30 Mar 2023 - 13:30:10.329 [RMI TCP Connection(11)-127.0.0.1] INFO  o.s.o.j.LocalContainerEntityManagerFactoryBean - Closing JPA EntityManagerFactory for persistence unit 'default'
30 Mar 2023 - 13:30:10.333 [RMI TCP Connection(11)-127.0.0.1] INFO  com.zaxxer.hikari.HikariDataSource - HikariPool-1 - Shutdown initiated...
30 Mar 2023 - 13:30:10.399 [RMI TCP Connection(11)-127.0.0.1] INFO  com.zaxxer.hikari.HikariDataSource - HikariPool-1 - Shutdown completed.
30 Mar 2023 - 13:30:23.928 [main] INFO  e.c.CollegeManagementSystemApplication - Starting CollegeManagementSystemApplication using Java 17.0.6 on DESKTOP-11FLD72 with PID 5888 (F:\College-management-system\target\classes started by adity in F:\College-management-system)
30 Mar 2023 - 13:30:23.933 [main] INFO  e.c.CollegeManagementSystemApplication - No active profile set, falling back to 1 default profile: "default"
30 Mar 2023 - 13:30:24.974 [main] INFO  o.s.d.r.c.RepositoryConfigurationDelegate - Bootstrapping Spring Data JPA repositories in DEFAULT mode.
30 Mar 2023 - 13:30:25.085 [main] INFO  o.s.d.r.c.RepositoryConfigurationDelegate - Finished Spring Data repository scanning in 84 ms. Found 3 JPA repository interfaces.
30 Mar 2023 - 13:30:25.864 [main] INFO  o.s.b.w.e.tomcat.TomcatWebServer - Tomcat initialized with port(s): 8080 (http)
30 Mar 2023 - 13:30:25.881 [main] INFO  o.a.catalina.core.StandardService - Starting service [Tomcat]
30 Mar 2023 - 13:30:25.882 [main] INFO  o.a.catalina.core.StandardEngine - Starting Servlet engine: [Apache Tomcat/9.0.73]
30 Mar 2023 - 13:30:26.092 [main] INFO  o.a.c.c.C.[Tomcat].[localhost].[/] - Initializing Spring embedded WebApplicationContext
30 Mar 2023 - 13:30:26.092 [main] INFO  o.s.b.w.s.c.ServletWebServerApplicationContext - Root WebApplicationContext: initialization completed in 2063 ms
30 Mar 2023 - 13:30:26.316 [main] INFO  o.h.jpa.internal.util.LogHelper - HHH000204: Processing PersistenceUnitInfo [name: default]
30 Mar 2023 - 13:30:26.407 [main] INFO  org.hibernate.Version - HHH000412: Hibernate ORM core version 5.6.15.Final
30 Mar 2023 - 13:30:26.657 [main] INFO  o.h.annotations.common.Version - HCANN000001: Hibernate Commons Annotations {5.1.2.Final}
30 Mar 2023 - 13:30:26.811 [main] INFO  com.zaxxer.hikari.HikariDataSource - HikariPool-1 - Starting...
30 Mar 2023 - 13:30:27.320 [main] INFO  com.zaxxer.hikari.HikariDataSource - HikariPool-1 - Start completed.
30 Mar 2023 - 13:30:27.351 [main] INFO  org.hibernate.dialect.Dialect - HHH000400: Using dialect: org.hibernate.dialect.MySQL8Dialect
30 Mar 2023 - 13:30:28.777 [main] INFO  o.h.e.t.j.p.i.JtaPlatformInitiator - HHH000490: Using JtaPlatform implementation: [org.hibernate.engine.transaction.jta.platform.internal.NoJtaPlatform]
30 Mar 2023 - 13:30:28.803 [main] INFO  o.s.o.j.LocalContainerEntityManagerFactoryBean - Initialized JPA EntityManagerFactory for persistence unit 'default'
30 Mar 2023 - 13:30:29.429 [main] WARN  o.s.b.a.o.j.JpaBaseConfiguration$JpaWebConfiguration - spring.jpa.open-in-view is enabled by default. Therefore, database queries may be performed during view rendering. Explicitly configure spring.jpa.open-in-view to disable this warning
30 Mar 2023 - 13:30:29.950 [main] INFO  o.s.b.w.e.tomcat.TomcatWebServer - Tomcat started on port(s): 8080 (http) with context path ''
30 Mar 2023 - 13:30:29.968 [main] INFO  e.c.CollegeManagementSystemApplication - Started CollegeManagementSystemApplication in 6.632 seconds (JVM running for 7.709)
30 Mar 2023 - 13:31:22.072 [http-nio-8080-exec-2] INFO  o.a.c.c.C.[Tomcat].[localhost].[/] - Initializing Spring DispatcherServlet 'dispatcherServlet'
30 Mar 2023 - 13:31:22.073 [http-nio-8080-exec-2] INFO  o.s.web.servlet.DispatcherServlet - Initializing Servlet 'dispatcherServlet'
30 Mar 2023 - 13:31:22.076 [http-nio-8080-exec-2] INFO  o.s.web.servlet.DispatcherServlet - Completed initialization in 2 ms
30 Mar 2023 - 13:31:57.970 [http-nio-8080-exec-3] INFO  edu.cms.entity.Teacher - Teacher details updated with id 1  at Thu Mar 30 13:31:57 IST 2023
30 Mar 2023 - 13:32:49.788 [http-nio-8080-exec-4] INFO  edu.cms.entity.Teacher - All teachers details found at Thu Mar 30 13:32:49 IST 2023
30 Mar 2023 - 13:35:17.613 [http-nio-8080-exec-8] INFO  edu.cms.entity.Course - All Courses details found  atThu Mar 30 13:35:17 IST 2023
30 Mar 2023 - 14:29:25.105 [RMI TCP Connection(63)-127.0.0.1] INFO  o.s.b.a.SpringApplicationAdminMXBeanRegistrar$SpringApplicationAdmin - Application shutdown requested.
